app/build/intermediates/manifest_merge_blame_file/debug/processDebugMainManifest/manifest-merger-blame-debug-report.txt
1<?xml version="1.0" encoding="utf-8"?>
2<manifest xmlns:android="http://schemas.android.com/apk/res/android"
3    package="umc.cozymate"
4    android:versionCode="1"
5    android:versionName="1.0" >
6
7    <uses-sdk
8        android:minSdkVersion="26"
9        android:targetSdkVersion="34" />
10    <!-- 인터넷 및 FCM 사용권한 설정 -->
11    <uses-permission android:name="android.permission.ACCESS_NETWORK_STATE" />
11-->src/main/AndroidManifest.xml:6:5-79
11-->src/main/AndroidManifest.xml:6:22-76
12    <uses-permission android:name="android.permission.INTERNET" />
12-->src/main/AndroidManifest.xml:7:5-67
12-->src/main/AndroidManifest.xml:7:22-64
13    <uses-permission android:name="android.permission.POST_NOTIFICATIONS" />
13-->src/main/AndroidManifest.xml:8:5-77
13-->src/main/AndroidManifest.xml:8:22-74
14    <uses-permission android:name="android.permission.VIBRATE" />
14-->src/main/AndroidManifest.xml:9:5-66
14-->src/main/AndroidManifest.xml:9:22-63
15    <uses-permission android:name="android.permission.WAKE_LOCK" />
15-->src/main/AndroidManifest.xml:10:5-68
15-->src/main/AndroidManifest.xml:10:22-65
16
17    <queries>
17-->[com.kakao.sdk:v2-common:2.20.3] AndroidManifest.xml:9:5-22:15
18        <package android:name="com.kakao.talk" />
18-->[com.kakao.sdk:v2-common:2.20.3] AndroidManifest.xml:10:9-50
18-->[com.kakao.sdk:v2-common:2.20.3] AndroidManifest.xml:10:18-47
19        <package android:name="com.kakao.talk.alpha" />
19-->[com.kakao.sdk:v2-common:2.20.3] AndroidManifest.xml:11:9-56
19-->[com.kakao.sdk:v2-common:2.20.3] AndroidManifest.xml:11:18-53
20        <package android:name="com.kakao.talk.sandbox" />
20-->[com.kakao.sdk:v2-common:2.20.3] AndroidManifest.xml:12:9-58
20-->[com.kakao.sdk:v2-common:2.20.3] AndroidManifest.xml:12:18-55
21        <package android:name="com.kakao.onetalk" />
21-->[com.kakao.sdk:v2-common:2.20.3] AndroidManifest.xml:13:9-53
21-->[com.kakao.sdk:v2-common:2.20.3] AndroidManifest.xml:13:18-50
22
23        <intent>
23-->[com.kakao.sdk:v2-common:2.20.3] AndroidManifest.xml:15:9-21:18
24            <action android:name="android.intent.action.VIEW" />
24-->src/main/AndroidManifest.xml:45:17-69
24-->src/main/AndroidManifest.xml:45:25-66
25
26            <category android:name="android.intent.category.BROWSABLE" />
26-->src/main/AndroidManifest.xml:48:17-78
26-->src/main/AndroidManifest.xml:48:27-75
27
28            <data android:scheme="https" />
28-->src/main/AndroidManifest.xml:50:17-52:61
28-->src/main/AndroidManifest.xml:52:21-58
29        </intent>
30    </queries> <!-- Required by older versions of Google Play services to create IID tokens -->
31    <uses-permission android:name="com.google.android.c2dm.permission.RECEIVE" />
31-->[com.google.firebase:firebase-messaging:24.0.0] AndroidManifest.xml:26:5-82
31-->[com.google.firebase:firebase-messaging:24.0.0] AndroidManifest.xml:26:22-79
32    <uses-permission android:name="com.google.android.gms.permission.AD_ID" />
32-->[com.google.android.gms:play-services-measurement-api:22.0.0] AndroidManifest.xml:25:5-79
32-->[com.google.android.gms:play-services-measurement-api:22.0.0] AndroidManifest.xml:25:22-76
33    <uses-permission android:name="android.permission.ACCESS_ADSERVICES_ATTRIBUTION" />
33-->[com.google.android.gms:play-services-measurement-api:22.0.0] AndroidManifest.xml:26:5-88
33-->[com.google.android.gms:play-services-measurement-api:22.0.0] AndroidManifest.xml:26:22-85
34    <uses-permission android:name="android.permission.ACCESS_ADSERVICES_AD_ID" />
34-->[com.google.android.gms:play-services-measurement-api:22.0.0] AndroidManifest.xml:27:5-82
34-->[com.google.android.gms:play-services-measurement-api:22.0.0] AndroidManifest.xml:27:22-79
35    <uses-permission android:name="android.permission.RECEIVE_BOOT_COMPLETED" />
35-->[androidx.work:work-runtime:2.9.0] AndroidManifest.xml:25:5-81
35-->[androidx.work:work-runtime:2.9.0] AndroidManifest.xml:25:22-78
36    <uses-permission android:name="android.permission.FOREGROUND_SERVICE" />
36-->[androidx.work:work-runtime:2.9.0] AndroidManifest.xml:26:5-77
36-->[androidx.work:work-runtime:2.9.0] AndroidManifest.xml:26:22-74
37    <uses-permission android:name="com.google.android.finsky.permission.BIND_GET_INSTALL_REFERRER_SERVICE" />
37-->[com.google.android.gms:play-services-measurement:22.0.0] AndroidManifest.xml:26:5-110
37-->[com.google.android.gms:play-services-measurement:22.0.0] AndroidManifest.xml:26:22-107
38
39    <permission
39-->[androidx.core:core:1.13.1] AndroidManifest.xml:22:5-24:47
40        android:name="umc.cozymate.DYNAMIC_RECEIVER_NOT_EXPORTED_PERMISSION"
40-->[androidx.core:core:1.13.1] AndroidManifest.xml:23:9-81
41        android:protectionLevel="signature" />
41-->[androidx.core:core:1.13.1] AndroidManifest.xml:24:9-44
42
43    <uses-permission android:name="umc.cozymate.DYNAMIC_RECEIVER_NOT_EXPORTED_PERMISSION" />
43-->[androidx.core:core:1.13.1] AndroidManifest.xml:26:5-97
43-->[androidx.core:core:1.13.1] AndroidManifest.xml:26:22-94
44
45    <application
45-->src/main/AndroidManifest.xml:12:5-109:19
46        android:name="umc.cozymate.CozyMateApplication"
46-->src/main/AndroidManifest.xml:13:9-44
47        android:allowBackup="true"
47-->src/main/AndroidManifest.xml:14:9-35
48        android:appComponentFactory="androidx.core.app.CoreComponentFactory"
48-->[androidx.core:core:1.13.1] AndroidManifest.xml:28:18-86
49        android:dataExtractionRules="@xml/data_extraction_rules"
49-->src/main/AndroidManifest.xml:15:9-65
50        android:debuggable="true"
51        android:extractNativeLibs="false"
52        android:fullBackupContent="@xml/backup_rules"
52-->src/main/AndroidManifest.xml:16:9-54
53        android:icon="@drawable/app_icon_v3"
53-->src/main/AndroidManifest.xml:17:9-45
54        android:label="@string/app_name"
54-->src/main/AndroidManifest.xml:18:9-41
55        android:roundIcon="@mipmap/ic_launcher_round"
55-->src/main/AndroidManifest.xml:19:9-54
56        android:supportsRtl="true"
56-->src/main/AndroidManifest.xml:20:9-35
57        android:testOnly="true"
58        android:theme="@style/Theme.Cozymate" >
58-->src/main/AndroidManifest.xml:21:9-46
59        <activity
59-->src/main/AndroidManifest.xml:23:9-25:40
60            android:name="umc.cozymate.ui.cozy_home.room_detail.CozyRoomDetailInfoActivity"
60-->src/main/AndroidManifest.xml:24:13-80
61            android:exported="false" />
61-->src/main/AndroidManifest.xml:25:13-37
62        <activity
62-->src/main/AndroidManifest.xml:26:9-28:40
63            android:name="umc.cozymate.ui.cozy_home.roommate_detail.CozyHomeRoommateDetailActivity"
63-->src/main/AndroidManifest.xml:27:13-88
64            android:exported="false" />
64-->src/main/AndroidManifest.xml:28:13-37
65        <activity
65-->src/main/AndroidManifest.xml:29:9-31:40
66            android:name="umc.cozymate.ui.cozy_home.room_detail.RoomDetailActivity"
66-->src/main/AndroidManifest.xml:30:13-72
67            android:exported="false" />
67-->src/main/AndroidManifest.xml:31:13-37
68        <activity
68-->src/main/AndroidManifest.xml:32:9-34:40
69            android:name="umc.cozymate.ui.room_detail.RoomDetailActivity"
69-->src/main/AndroidManifest.xml:33:13-62
70            android:exported="false" />
70-->src/main/AndroidManifest.xml:34:13-37
71        <activity
71-->src/main/AndroidManifest.xml:35:9-37:40
72            android:name="umc.cozymate.ui.roommate.RoommateOnboardingActivity"
72-->src/main/AndroidManifest.xml:36:13-67
73            android:exported="false" />
73-->src/main/AndroidManifest.xml:37:13-37
74        <activity
74-->src/main/AndroidManifest.xml:38:9-40:40
75            android:name="umc.cozymate.ui.roommate.RoommateInputInfoActivity"
75-->src/main/AndroidManifest.xml:39:13-66
76            android:exported="false" /> <!-- 카카오 로그인, 인가코드를 받기 위한 액티비티 -->
76-->src/main/AndroidManifest.xml:40:13-37
77        <activity
77-->src/main/AndroidManifest.xml:41:9-54:20
78            android:name="com.kakao.sdk.auth.AuthCodeHandlerActivity"
78-->src/main/AndroidManifest.xml:42:13-70
79            android:exported="true"
79-->src/main/AndroidManifest.xml:43:13-36
80            android:launchMode="singleTask"
80-->[com.kakao.sdk:v2-auth:2.20.3] AndroidManifest.xml:18:13-44
81            android:theme="@style/TransparentCompat" >
81-->[com.kakao.sdk:v2-auth:2.20.3] AndroidManifest.xml:19:13-53
82            <intent-filter android:label="kakao_login_handler" >
82-->src/main/AndroidManifest.xml:44:13-53:29
82-->src/main/AndroidManifest.xml:44:28-63
83                <action android:name="android.intent.action.VIEW" />
83-->src/main/AndroidManifest.xml:45:17-69
83-->src/main/AndroidManifest.xml:45:25-66
84
85                <category android:name="android.intent.category.DEFAULT" />
85-->src/main/AndroidManifest.xml:47:17-76
85-->src/main/AndroidManifest.xml:47:27-73
86                <category android:name="android.intent.category.BROWSABLE" />
86-->src/main/AndroidManifest.xml:48:17-78
86-->src/main/AndroidManifest.xml:48:27-75
87
88                <data
88-->src/main/AndroidManifest.xml:50:17-52:61
89                    android:host="oauth"
89-->src/main/AndroidManifest.xml:51:21-41
90                    android:scheme="@string/kakao_scheme" />
90-->src/main/AndroidManifest.xml:52:21-58
91            </intent-filter>
92        </activity> <!-- 시작 화면 -->
93        <activity
93-->src/main/AndroidManifest.xml:55:9-63:20
94            android:name="umc.cozymate.ui.splash.SplashActivity"
94-->src/main/AndroidManifest.xml:56:13-53
95            android:exported="true" >
95-->src/main/AndroidManifest.xml:57:13-36
96            <intent-filter>
96-->src/main/AndroidManifest.xml:58:13-62:29
97                <action android:name="android.intent.action.MAIN" />
97-->src/main/AndroidManifest.xml:59:17-69
97-->src/main/AndroidManifest.xml:59:25-66
98
99                <category android:name="android.intent.category.LAUNCHER" />
99-->src/main/AndroidManifest.xml:61:17-77
99-->src/main/AndroidManifest.xml:61:27-74
100            </intent-filter>
101        </activity>
102        <activity
102-->src/main/AndroidManifest.xml:64:9-66:39
103            android:name="umc.cozymate.ui.splash.LoginFailActivity"
103-->src/main/AndroidManifest.xml:65:13-56
104            android:exported="true" />
104-->src/main/AndroidManifest.xml:66:13-36
105        <activity
105-->src/main/AndroidManifest.xml:67:9-69:39
106            android:name="umc.cozymate.ui.onboarding.OnboardingActivity"
106-->src/main/AndroidManifest.xml:68:13-61
107            android:exported="true" />
107-->src/main/AndroidManifest.xml:69:13-36
108        <activity
108-->src/main/AndroidManifest.xml:70:9-72:39
109            android:name="umc.cozymate.ui.cozy_home.entering_room.CozyHomeEnteringInviteCodeActivity"
109-->src/main/AndroidManifest.xml:71:13-90
110            android:exported="true" />
110-->src/main/AndroidManifest.xml:72:13-36
111        <activity
111-->src/main/AndroidManifest.xml:73:9-75:39
112            android:name="umc.cozymate.ui.cozy_home.making_room.CozyHomeGivingInviteCodeActivity"
112-->src/main/AndroidManifest.xml:74:13-86
113            android:exported="true" />
113-->src/main/AndroidManifest.xml:75:13-36
114        <activity
114-->src/main/AndroidManifest.xml:76:9-78:39
115            android:name="umc.cozymate.ui.cozy_home.making_room.CozyHomeSelectingCharacterActivity"
115-->src/main/AndroidManifest.xml:77:13-88
116            android:exported="true" />
116-->src/main/AndroidManifest.xml:78:13-36
117        <activity
117-->src/main/AndroidManifest.xml:79:9-81:39
118            android:name="umc.cozymate.ui.cozy_home.making_room.CozyHomeInvitingRoommateActivity"
118-->src/main/AndroidManifest.xml:80:13-86
119            android:exported="true" />
119-->src/main/AndroidManifest.xml:81:13-36
120        <activity
120-->src/main/AndroidManifest.xml:82:9-84:39
121            android:name="umc.cozymate.ui.roommate.RoommateDetailActivity"
121-->src/main/AndroidManifest.xml:83:13-63
122            android:exported="true" />
122-->src/main/AndroidManifest.xml:84:13-36
123        <activity
123-->src/main/AndroidManifest.xml:85:9-87:39
124            android:name="umc.cozymate.ui.MainActivity"
124-->src/main/AndroidManifest.xml:86:13-44
125            android:exported="true" /> <!-- 쪽지 -->
125-->src/main/AndroidManifest.xml:87:13-36
126        <activity android:name="umc.cozymate.ui.message.MessageActivity" />
126-->src/main/AndroidManifest.xml:88:9-64
126-->src/main/AndroidManifest.xml:88:19-61
127        <activity android:name="umc.cozymate.ui.message.WriteMessageActivity" />
127-->src/main/AndroidManifest.xml:89:9-69
127-->src/main/AndroidManifest.xml:89:19-66
128        <activity
128-->src/main/AndroidManifest.xml:90:9-92:59
129            android:name="umc.cozymate.ui.role_rule.AddTodoActivity"
129-->src/main/AndroidManifest.xml:91:13-57
130            android:windowSoftInputMode="adjustNothing" />
130-->src/main/AndroidManifest.xml:92:13-56
131
132        <service
132-->src/main/AndroidManifest.xml:94:9-101:19
133            android:name="umc.cozymate.firebase.FCMService"
133-->src/main/AndroidManifest.xml:95:13-48
134            android:enabled="true"
134-->src/main/AndroidManifest.xml:96:13-35
135            android:exported="false" >
135-->src/main/AndroidManifest.xml:97:13-37
136            <intent-filter>
136-->src/main/AndroidManifest.xml:98:13-100:29
137                <action android:name="com.google.firebase.MESSAGING_EVENT" />
137-->src/main/AndroidManifest.xml:99:17-78
137-->src/main/AndroidManifest.xml:99:25-75
138            </intent-filter>
139        </service>
140
141        <meta-data
141-->src/main/AndroidManifest.xml:103:9-105:57
142            android:name="com.google.firebase.messaging.default_notification_icon"
142-->src/main/AndroidManifest.xml:104:13-83
143            android:resource="@drawable/app_icon_png" />
143-->src/main/AndroidManifest.xml:105:13-54
144        <meta-data
144-->src/main/AndroidManifest.xml:106:9-108:51
145            android:name="com.google.firebase.messaging.default_notification_color"
145-->src/main/AndroidManifest.xml:107:13-84
146            android:resource="@color/main_blue" />
146-->src/main/AndroidManifest.xml:108:13-48
147
148        <activity
148-->[com.kakao.sdk:v2-user:2.20.3] AndroidManifest.xml:10:9-13:56
149            android:name="com.kakao.sdk.user.ShippingAddressesHandlerActivity"
149-->[com.kakao.sdk:v2-user:2.20.3] AndroidManifest.xml:11:13-79
150            android:launchMode="singleTask"
150-->[com.kakao.sdk:v2-user:2.20.3] AndroidManifest.xml:12:13-44
151            android:theme="@style/TransparentCompat" />
151-->[com.kakao.sdk:v2-user:2.20.3] AndroidManifest.xml:13:13-53
152        <activity
152-->[com.kakao.sdk:v2-auth:2.20.3] AndroidManifest.xml:10:9-15:56
153            android:name="com.kakao.sdk.auth.TalkAuthCodeActivity"
153-->[com.kakao.sdk:v2-auth:2.20.3] AndroidManifest.xml:11:13-67
154            android:configChanges="orientation|screenSize|keyboardHidden"
154-->[com.kakao.sdk:v2-auth:2.20.3] AndroidManifest.xml:12:13-74
155            android:exported="false"
155-->[com.kakao.sdk:v2-auth:2.20.3] AndroidManifest.xml:13:13-37
156            android:launchMode="singleTask"
156-->[com.kakao.sdk:v2-auth:2.20.3] AndroidManifest.xml:14:13-44
157            android:theme="@style/TransparentCompat" />
157-->[com.kakao.sdk:v2-auth:2.20.3] AndroidManifest.xml:15:13-53
158        <activity
158-->[com.kakao.sdk:v2-auth:2.20.3] AndroidManifest.xml:20:9-23:56
159            android:name="com.kakao.sdk.auth.AppsHandlerActivity"
159-->[com.kakao.sdk:v2-auth:2.20.3] AndroidManifest.xml:21:13-66
160            android:launchMode="singleTask"
160-->[com.kakao.sdk:v2-auth:2.20.3] AndroidManifest.xml:22:13-44
161            android:theme="@style/TransparentCompat" />
161-->[com.kakao.sdk:v2-auth:2.20.3] AndroidManifest.xml:23:13-53
162
163        <provider
163-->[com.github.prolificinteractive:material-calendarview:2.0.1] AndroidManifest.xml:12:9-16:40
164            android:name="com.prolificinteractive.materialcalendarview.MaterialCalendarViewInitProvider"
164-->[com.github.prolificinteractive:material-calendarview:2.0.1] AndroidManifest.xml:13:13-105
165            android:authorities="umc.cozymate.materialcalendarviewinitprovider"
165-->[com.github.prolificinteractive:material-calendarview:2.0.1] AndroidManifest.xml:14:13-84
166            android:enabled="true"
166-->[com.github.prolificinteractive:material-calendarview:2.0.1] AndroidManifest.xml:15:13-35
167            android:exported="false" />
167-->[com.github.prolificinteractive:material-calendarview:2.0.1] AndroidManifest.xml:16:13-37
168
169        <service
169-->[com.google.firebase:firebase-database:21.0.0] AndroidManifest.xml:26:9-35:19
170            android:name="com.google.firebase.components.ComponentDiscoveryService"
170-->[com.google.firebase:firebase-database:21.0.0] AndroidManifest.xml:27:13-84
171            android:directBootAware="true"
171-->[com.google.firebase:firebase-common:21.0.0] AndroidManifest.xml:32:13-43
172            android:exported="false" >
172-->[com.google.firebase:firebase-database:21.0.0] AndroidManifest.xml:28:13-37
173            <meta-data
173-->[com.google.firebase:firebase-database:21.0.0] AndroidManifest.xml:29:13-31:85
174                android:name="com.google.firebase.components:com.google.firebase.database.FirebaseDatabaseKtxRegistrar"
174-->[com.google.firebase:firebase-database:21.0.0] AndroidManifest.xml:30:17-120
175                android:value="com.google.firebase.components.ComponentRegistrar" />
175-->[com.google.firebase:firebase-database:21.0.0] AndroidManifest.xml:31:17-82
176            <meta-data
176-->[com.google.firebase:firebase-database:21.0.0] AndroidManifest.xml:32:13-34:85
177                android:name="com.google.firebase.components:com.google.firebase.database.DatabaseRegistrar"
177-->[com.google.firebase:firebase-database:21.0.0] AndroidManifest.xml:33:17-109
178                android:value="com.google.firebase.components.ComponentRegistrar" />
178-->[com.google.firebase:firebase-database:21.0.0] AndroidManifest.xml:34:17-82
179            <meta-data
179-->[com.google.firebase:firebase-messaging-ktx:24.0.0] AndroidManifest.xml:26:13-28:85
180                android:name="com.google.firebase.components:com.google.firebase.messaging.ktx.FirebaseMessagingLegacyRegistrar"
180-->[com.google.firebase:firebase-messaging-ktx:24.0.0] AndroidManifest.xml:27:17-129
181                android:value="com.google.firebase.components.ComponentRegistrar" />
181-->[com.google.firebase:firebase-messaging-ktx:24.0.0] AndroidManifest.xml:28:17-82
182            <meta-data
182-->[com.google.firebase:firebase-messaging:24.0.0] AndroidManifest.xml:57:13-59:85
183                android:name="com.google.firebase.components:com.google.firebase.messaging.FirebaseMessagingKtxRegistrar"
183-->[com.google.firebase:firebase-messaging:24.0.0] AndroidManifest.xml:58:17-122
184                android:value="com.google.firebase.components.ComponentRegistrar" />
184-->[com.google.firebase:firebase-messaging:24.0.0] AndroidManifest.xml:59:17-82
185            <meta-data
185-->[com.google.firebase:firebase-messaging:24.0.0] AndroidManifest.xml:60:13-62:85
186                android:name="com.google.firebase.components:com.google.firebase.messaging.FirebaseMessagingRegistrar"
186-->[com.google.firebase:firebase-messaging:24.0.0] AndroidManifest.xml:61:17-119
187                android:value="com.google.firebase.components.ComponentRegistrar" />
187-->[com.google.firebase:firebase-messaging:24.0.0] AndroidManifest.xml:62:17-82
188            <meta-data
188-->[com.google.firebase:firebase-crashlytics:19.0.3] AndroidManifest.xml:15:13-17:85
189                android:name="com.google.firebase.components:com.google.firebase.crashlytics.FirebaseCrashlyticsKtxRegistrar"
189-->[com.google.firebase:firebase-crashlytics:19.0.3] AndroidManifest.xml:16:17-126
190                android:value="com.google.firebase.components.ComponentRegistrar" />
190-->[com.google.firebase:firebase-crashlytics:19.0.3] AndroidManifest.xml:17:17-82
191            <meta-data
191-->[com.google.firebase:firebase-crashlytics:19.0.3] AndroidManifest.xml:18:13-20:85
192                android:name="com.google.firebase.components:com.google.firebase.crashlytics.CrashlyticsRegistrar"
192-->[com.google.firebase:firebase-crashlytics:19.0.3] AndroidManifest.xml:19:17-115
193                android:value="com.google.firebase.components.ComponentRegistrar" />
193-->[com.google.firebase:firebase-crashlytics:19.0.3] AndroidManifest.xml:20:17-82
194            <meta-data
194-->[com.google.firebase:firebase-analytics-ktx:22.0.0] AndroidManifest.xml:11:13-13:85
195                android:name="com.google.firebase.components:com.google.firebase.analytics.ktx.FirebaseAnalyticsLegacyRegistrar"
195-->[com.google.firebase:firebase-analytics-ktx:22.0.0] AndroidManifest.xml:12:17-129
196                android:value="com.google.firebase.components.ComponentRegistrar" />
196-->[com.google.firebase:firebase-analytics-ktx:22.0.0] AndroidManifest.xml:13:17-82
197            <meta-data
197-->[com.google.firebase:firebase-sessions:2.0.3] AndroidManifest.xml:29:13-31:85
198                android:name="com.google.firebase.components:com.google.firebase.sessions.FirebaseSessionsRegistrar"
198-->[com.google.firebase:firebase-sessions:2.0.3] AndroidManifest.xml:30:17-117
199                android:value="com.google.firebase.components.ComponentRegistrar" />
199-->[com.google.firebase:firebase-sessions:2.0.3] AndroidManifest.xml:31:17-82
200            <meta-data
200-->[com.google.android.gms:play-services-measurement-api:22.0.0] AndroidManifest.xml:37:13-39:85
201                android:name="com.google.firebase.components:com.google.firebase.analytics.connector.internal.AnalyticsConnectorRegistrar"
201-->[com.google.android.gms:play-services-measurement-api:22.0.0] AndroidManifest.xml:38:17-139
202                android:value="com.google.firebase.components.ComponentRegistrar" />
202-->[com.google.android.gms:play-services-measurement-api:22.0.0] AndroidManifest.xml:39:17-82
203            <meta-data
203-->[com.google.firebase:firebase-installations:18.0.0] AndroidManifest.xml:15:13-17:85
204                android:name="com.google.firebase.components:com.google.firebase.installations.FirebaseInstallationsKtxRegistrar"
204-->[com.google.firebase:firebase-installations:18.0.0] AndroidManifest.xml:16:17-130
205                android:value="com.google.firebase.components.ComponentRegistrar" />
205-->[com.google.firebase:firebase-installations:18.0.0] AndroidManifest.xml:17:17-82
206            <meta-data
206-->[com.google.firebase:firebase-installations:18.0.0] AndroidManifest.xml:18:13-20:85
207                android:name="com.google.firebase.components:com.google.firebase.installations.FirebaseInstallationsRegistrar"
207-->[com.google.firebase:firebase-installations:18.0.0] AndroidManifest.xml:19:17-127
208                android:value="com.google.firebase.components.ComponentRegistrar" />
208-->[com.google.firebase:firebase-installations:18.0.0] AndroidManifest.xml:20:17-82
209            <meta-data
209-->[com.google.firebase:firebase-common-ktx:21.0.0] AndroidManifest.xml:12:13-14:85
210                android:name="com.google.firebase.components:com.google.firebase.ktx.FirebaseCommonLegacyRegistrar"
210-->[com.google.firebase:firebase-common-ktx:21.0.0] AndroidManifest.xml:13:17-116
211                android:value="com.google.firebase.components.ComponentRegistrar" />
211-->[com.google.firebase:firebase-common-ktx:21.0.0] AndroidManifest.xml:14:17-82
212            <meta-data
212-->[com.google.firebase:firebase-common:21.0.0] AndroidManifest.xml:35:13-37:85
213                android:name="com.google.firebase.components:com.google.firebase.FirebaseCommonKtxRegistrar"
213-->[com.google.firebase:firebase-common:21.0.0] AndroidManifest.xml:36:17-109
214                android:value="com.google.firebase.components.ComponentRegistrar" />
214-->[com.google.firebase:firebase-common:21.0.0] AndroidManifest.xml:37:17-82
215            <meta-data
215-->[com.google.firebase:firebase-datatransport:19.0.0] AndroidManifest.xml:25:13-27:85
216                android:name="com.google.firebase.components:com.google.firebase.datatransport.TransportRegistrar"
216-->[com.google.firebase:firebase-datatransport:19.0.0] AndroidManifest.xml:26:17-115
217                android:value="com.google.firebase.components.ComponentRegistrar" />
217-->[com.google.firebase:firebase-datatransport:19.0.0] AndroidManifest.xml:27:17-82
218        </service>
219
220        <receiver
220-->[com.google.firebase:firebase-messaging:24.0.0] AndroidManifest.xml:29:9-40:20
221            android:name="com.google.firebase.iid.FirebaseInstanceIdReceiver"
221-->[com.google.firebase:firebase-messaging:24.0.0] AndroidManifest.xml:30:13-78
222            android:exported="true"
222-->[com.google.firebase:firebase-messaging:24.0.0] AndroidManifest.xml:31:13-36
223            android:permission="com.google.android.c2dm.permission.SEND" >
223-->[com.google.firebase:firebase-messaging:24.0.0] AndroidManifest.xml:32:13-73
224            <intent-filter>
224-->[com.google.firebase:firebase-messaging:24.0.0] AndroidManifest.xml:33:13-35:29
225                <action android:name="com.google.android.c2dm.intent.RECEIVE" />
225-->[com.google.firebase:firebase-messaging:24.0.0] AndroidManifest.xml:34:17-81
225-->[com.google.firebase:firebase-messaging:24.0.0] AndroidManifest.xml:34:25-78
226            </intent-filter>
227
228            <meta-data
228-->[com.google.firebase:firebase-messaging:24.0.0] AndroidManifest.xml:37:13-39:40
229                android:name="com.google.android.gms.cloudmessaging.FINISHED_AFTER_HANDLED"
229-->[com.google.firebase:firebase-messaging:24.0.0] AndroidManifest.xml:38:17-92
230                android:value="true" />
230-->[com.google.firebase:firebase-messaging:24.0.0] AndroidManifest.xml:39:17-37
231        </receiver>
232        <!--
233             FirebaseMessagingService performs security checks at runtime,
234             but set to not exported to explicitly avoid allowing another app to call it.
235        -->
236        <service
236-->[com.google.firebase:firebase-messaging:24.0.0] AndroidManifest.xml:46:9-53:19
237            android:name="com.google.firebase.messaging.FirebaseMessagingService"
237-->[com.google.firebase:firebase-messaging:24.0.0] AndroidManifest.xml:47:13-82
238            android:directBootAware="true"
238-->[com.google.firebase:firebase-messaging:24.0.0] AndroidManifest.xml:48:13-43
239            android:exported="false" >
239-->[com.google.firebase:firebase-messaging:24.0.0] AndroidManifest.xml:49:13-37
240            <intent-filter android:priority="-500" >
240-->src/main/AndroidManifest.xml:98:13-100:29
241                <action android:name="com.google.firebase.MESSAGING_EVENT" />
241-->src/main/AndroidManifest.xml:99:17-78
241-->src/main/AndroidManifest.xml:99:25-75
242            </intent-filter>
243        </service>
244
245        <activity
245-->[com.google.android.gms:play-services-base:18.1.0] AndroidManifest.xml:20:9-22:45
246            android:name="com.google.android.gms.common.api.GoogleApiActivity"
246-->[com.google.android.gms:play-services-base:18.1.0] AndroidManifest.xml:20:19-85
247            android:exported="false"
247-->[com.google.android.gms:play-services-base:18.1.0] AndroidManifest.xml:22:19-43
248            android:theme="@android:style/Theme.Translucent.NoTitleBar" />
248-->[com.google.android.gms:play-services-base:18.1.0] AndroidManifest.xml:21:19-78
249
250        <service
250-->[com.google.firebase:firebase-sessions:2.0.3] AndroidManifest.xml:22:9-25:40
251            android:name="com.google.firebase.sessions.SessionLifecycleService"
251-->[com.google.firebase:firebase-sessions:2.0.3] AndroidManifest.xml:23:13-80
252            android:enabled="true"
252-->[com.google.firebase:firebase-sessions:2.0.3] AndroidManifest.xml:24:13-35
253            android:exported="false" />
253-->[com.google.firebase:firebase-sessions:2.0.3] AndroidManifest.xml:25:13-37
254
255        <property
255-->[com.google.android.gms:play-services-measurement-api:22.0.0] AndroidManifest.xml:30:9-32:61
256            android:name="android.adservices.AD_SERVICES_CONFIG"
256-->[com.google.android.gms:play-services-measurement-api:22.0.0] AndroidManifest.xml:31:13-65
257            android:resource="@xml/ga_ad_services_config" />
257-->[com.google.android.gms:play-services-measurement-api:22.0.0] AndroidManifest.xml:32:13-58
258
259        <provider
259-->[com.google.firebase:firebase-common:21.0.0] AndroidManifest.xml:23:9-28:39
260            android:name="com.google.firebase.provider.FirebaseInitProvider"
260-->[com.google.firebase:firebase-common:21.0.0] AndroidManifest.xml:24:13-77
261            android:authorities="umc.cozymate.firebaseinitprovider"
261-->[com.google.firebase:firebase-common:21.0.0] AndroidManifest.xml:25:13-72
262            android:directBootAware="true"
262-->[com.google.firebase:firebase-common:21.0.0] AndroidManifest.xml:26:13-43
263            android:exported="false"
263-->[com.google.firebase:firebase-common:21.0.0] AndroidManifest.xml:27:13-37
264            android:initOrder="100" />
264-->[com.google.firebase:firebase-common:21.0.0] AndroidManifest.xml:28:13-36
265        <provider
265-->[androidx.work:work-runtime:2.9.0] AndroidManifest.xml:29:9-37:20
266            android:name="androidx.startup.InitializationProvider"
266-->[androidx.work:work-runtime:2.9.0] AndroidManifest.xml:30:13-67
267            android:authorities="umc.cozymate.androidx-startup"
267-->[androidx.work:work-runtime:2.9.0] AndroidManifest.xml:31:13-68
268            android:exported="false" >
268-->[androidx.work:work-runtime:2.9.0] AndroidManifest.xml:32:13-37
269            <meta-data